<?xml version="1.0" encoding="UTF-8"?>
<!-- Generated by org.testng.reporters.JUnitXMLReporter -->
<testsuite ignored="0" hostname="DESKTOP-7U3NRAG" failures="1" tests="1" name="HomePage" time="32.968" errors="0" timestamp="2022-03-31T21:44:25 NPT">
  <testcase classname="Framework.SeleniumJava.homePage" name="invokingDriver" time="27.356">
    <failure type="java.lang.AssertionError" message="expected [FEATURED COUfdsfRSES] but found [FEATURED COURSES]">
      <![CDATA[java.lang.AssertionError: expected [FEATURED COUfdsfRSES] but found [FEATURED COURSES]
at Framework.SeleniumJava.homePage.invokingDriver(homePage.java:38)
at java.base/java.util.ArrayList.forEach(ArrayList.java:1541)
at java.base/java.util.concurrent.FutureTask.run(FutureTask.java:264)
at java.base/java.util.concurrent.ThreadPoolExecutor.runWorker(ThreadPoolExecutor.java:1128)
at java.base/java.util.concurrent.ThreadPoolExecutor$Worker.run(ThreadPoolExecutor.java:628)
at java.base/java.lang.Thread.run(Thread.java:834)
... Removed 24 stack frames]]>
    </failure>
  </testcase> <!-- invokingDriver -->
</testsuite> <!-- HomePage -->
