<?xml version="1.0" encoding="UTF-8"?>
<!-- Generated by org.testng.reporters.JUnitXMLReporter -->
<testsuite ignored="0" hostname="DESKTOP-7U3NRAG" failures="1" tests="1" name="HomePage" time="26.777" errors="0" timestamp="2022-03-31T20:31:41 NPT">
  <testcase classname="Framework.SeleniumJava.homePage" name="invokingDriver" time="21.552">
    <failure type="java.lang.AssertionError" message="expected [FEATURED CghjgOURSES] but found [FEATURED COURSES]">
      <![CDATA[java.lang.AssertionError: expected [FEATURED CghjgOURSES] but found [FEATURED COURSES]
at Framework.SeleniumJava.homePage.invokingDriver(homePage.java:38)
at java.base/java.util.ArrayList.forEach(ArrayList.java:1541)
... Removed 33 stack frames]]>
    </failure>
  </testcase> <!-- invokingDriver -->
</testsuite> <!-- HomePage -->
