<?xml version="1.0" encoding="UTF-8"?>
<!-- Generated by org.testng.reporters.JUnitXMLReporter -->
<testsuite hostname="DESKTOP-7U3NRAG" ignored="0" name="HomePage" tests="1" failures="1" timestamp="2022-03-31T20:33:58 NPT" time="48.718" errors="0">
  <testcase name="invokingDriver" time="42.866" classname="Framework.SeleniumJava.homePage">
    <failure type="java.lang.AssertionError" message="expected [FEATURED CghjgOURSES] but found [FEATURED COURSES]">
      <![CDATA[java.lang.AssertionError: expected [FEATURED CghjgOURSES] but found [FEATURED COURSES]
at Framework.SeleniumJava.homePage.invokingDriver(homePage.java:38)
at java.util.ArrayList.forEach(Unknown Source)
... Removed 37 stack frames]]>
    </failure>
  </testcase> <!-- invokingDriver -->
</testsuite> <!-- HomePage -->
