<?xml version="1.0" encoding="UTF-8"?>
<testng-results skipped="0" failed="0" ignored="0" total="1" passed="1">
  <reporter-output>
  </reporter-output>
  <suite name="Suite" duration-ms="35561" started-at="2022-03-31T18:19:32 NPT" finished-at="2022-03-31T18:20:08 NPT">
    <groups>
    </groups>
    <test name="Test" duration-ms="35561" started-at="2022-03-31T18:19:32 NPT" finished-at="2022-03-31T18:20:08 NPT">
      <class name="Framework.SeleniumJava.homePage">
        <test-method status="PASS" signature="initialize()[pri:0, instance:Framework.SeleniumJava.homePage@5552768b]" name="initialize" is-config="true" duration-ms="6868" started-at="2022-03-31T18:19:32 NPT" finished-at="2022-03-31T18:19:39 NPT">
          <reporter-output>
          </reporter-output>
        </test-method> <!-- initialize -->
        <test-method status="PASS" signature="invokingDriver(java.lang.String,java.lang.String,java.lang.String)[pri:0, instance:Framework.SeleniumJava.homePage@5552768b]" name="invokingDriver" duration-ms="28516" started-at="2022-03-31T18:19:39 NPT" data-provider="getData" finished-at="2022-03-31T18:20:08 NPT">
          <params>
            <param index="0">
              <value>
                <![CDATA[abc@gmail.com]]>
              </value>
            </param>
            <param index="1">
              <value>
                <![CDATA[password]]>
              </value>
            </param>
            <param index="2">
              <value>
                <![CDATA[Restricted User]]>
              </value>
            </param>
          </params>
          <reporter-output>
          </reporter-output>
        </test-method> <!-- invokingDriver -->
        <test-method status="PASS" signature="TearDown()[pri:0, instance:Framework.SeleniumJava.homePage@5552768b]" name="TearDown" is-config="true" duration-ms="149" started-at="2022-03-31T18:20:08 NPT" finished-at="2022-03-31T18:20:08 NPT">
          <reporter-output>
          </reporter-output>
        </test-method> <!-- TearDown -->
      </class> <!-- Framework.SeleniumJava.homePage -->
    </test> <!-- Test -->
  </suite> <!-- Suite -->
</testng-results>
