<?xml version="1.0" encoding="UTF-8"?>
<testng-results ignored="0" total="1" passed="1" failed="0" skipped="0">
  <reporter-output>
  </reporter-output>
  <suite started-at="2022-03-31T17:13:21 NPT" name="Suite" finished-at="2022-03-31T17:13:58 NPT" duration-ms="36478">
    <groups>
    </groups>
    <test started-at="2022-03-31T17:13:21 NPT" name="Test" finished-at="2022-03-31T17:13:58 NPT" duration-ms="36478">
      <class name="Framework.SeleniumJava.homePage">
        <test-method is-config="true" signature="initialize()[pri:0, instance:Framework.SeleniumJava.homePage@278bb07e]" started-at="2022-03-31T17:13:21 NPT" name="initialize" finished-at="2022-03-31T17:13:27 NPT" duration-ms="5675" status="PASS">
          <reporter-output>
          </reporter-output>
        </test-method> <!-- initialize -->
        <test-method signature="invokingDriver(java.lang.String,java.lang.String,java.lang.String)[pri:0, instance:Framework.SeleniumJava.homePage@278bb07e]" started-at="2022-03-31T17:13:27 NPT" name="invokingDriver" data-provider="getData" finished-at="2022-03-31T17:13:57 NPT" duration-ms="30645" status="PASS">
          <params>
            <param index="0">
              <value>
                <![CDATA[abc@gmail.com]]>
              </value>
            </param>
            <param index="1">
              <value>
                <![CDATA[password]]>
              </value>
            </param>
            <param index="2">
              <value>
                <![CDATA[Restricted User]]>
              </value>
            </param>
          </params>
          <reporter-output>
          </reporter-output>
        </test-method> <!-- invokingDriver -->
        <test-method is-config="true" signature="TearDown()[pri:0, instance:Framework.SeleniumJava.homePage@278bb07e]" started-at="2022-03-31T17:13:57 NPT" name="TearDown" finished-at="2022-03-31T17:13:58 NPT" duration-ms="133" status="PASS">
          <reporter-output>
          </reporter-output>
        </test-method> <!-- TearDown -->
      </class> <!-- Framework.SeleniumJava.homePage -->
    </test> <!-- Test -->
  </suite> <!-- Suite -->
</testng-results>
